# JRE version: OpenJDK Runtime Environment (11.0.8+10) (build 11.0.8+10-b944.6842174)
# Java VM: OpenJDK 64-Bit Server VM (11.0.8+10-b944.6842174, mixed mode, tiered, compressed oops, g1 gc, windows-amd64)
Heap:
 garbage-first heap   total 155648K, used 53837K [0x0000000080000000, 0x0000000100000000)
  region size 1024K, 2 young (2048K), 2 survivors (2048K)
 Metaspace       used 66283K, capacity 67689K, committed 67916K, reserved 1107968K
  class space    used 8565K, capacity 9077K, committed 9088K, reserved 1048576K
GC Heap History (20 events):
Event: 3.117 GC heap before
{Heap before GC invocations=4 (full 0):
 garbage-first heap   total 129024K, used 61274K [0x0000000080000000, 0x0000000100000000)
  region size 1024K, 45 young (46080K), 1 survivors (1024K)
 Metaspace       used 25723K, capacity 26329K, committed 26496K, reserved 1073152K
  class space    used 3360K, capacity 3602K, committed 3712K, reserved 1048576K
}
Event: 3.119 GC heap after
{Heap after GC invocations=5 (full 0):
 garbage-first heap   total 129024K, used 17855K [0x0000000080000000, 0x0000000100000000)
  region size 1024K, 3 young (3072K), 3 survivors (3072K)
 Metaspace       used 25723K, capacity 26329K, committed 26496K, reserved 1073152K
  class space    used 3360K, capacity 3602K, committed 3712K, reserved 1048576K
}
Event: 3.862 GC heap before
{Heap before GC invocations=5 (full 0):
 garbage-first heap   total 129024K, used 68031K [0x0000000080000000, 0x0000000100000000)
  region size 1024K, 52 young (53248K), 3 survivors (3072K)
 Metaspace       used 34209K, capacity 34823K, committed 34944K, reserved 1079296K
  class space    used 4437K, capacity 4667K, committed 4736K, reserved 1048576K
}
Event: 3.867 GC heap after
{Heap after GC invocations=6 (full 0):
 garbage-first heap   total 129024K, used 20965K [0x0000000080000000, 0x0000000100000000)
  region size 1024K, 6 young (6144K), 6 survivors (6144K)
 Metaspace       used 34209K, capacity 34823K, committed 34944K, reserved 1079296K
  class space    used 4437K, capacity 4667K, committed 4736K, reserved 1048576K
}
Event: 3.961 GC heap before
{Heap before GC invocations=6 (full 0):
 garbage-first heap   total 129024K, used 26085K [0x0000000080000000, 0x0000000100000000)
  region size 1024K, 12 young (12288K), 6 survivors (6144K)
 Metaspace       used 35093K, capacity 35773K, committed 35840K, reserved 1081344K
  class space    used 4570K, capacity 4856K, committed 4864K, reserved 1048576K
}
Event: 3.967 GC heap after
{Heap after GC invocations=7 (full 0):
 garbage-first heap   total 129024K, used 21487K [0x0000000080000000, 0x0000000100000000)
  region size 1024K, 4 young (4096K), 4 survivors (4096K)
 Metaspace       used 35093K, capacity 35773K, committed 35840K, reserved 1081344K
  class space    used 4570K, capacity 4856K, committed 4864K, reserved 1048576K
}
Event: 4.628 GC heap before
{Heap before GC invocations=8 (full 0):
 garbage-first heap   total 129024K, used 80879K [0x0000000080000000, 0x0000000100000000)
  region size 1024K, 59 young (60416K), 4 survivors (4096K)
 Metaspace       used 40571K, capacity 41438K, committed 41600K, reserved 1085440K
  class space    used 5183K, capacity 5501K, committed 5504K, reserved 1048576K
}
Event: 4.635 GC heap after
{Heap after GC invocations=9 (full 0):
 garbage-first heap   total 129024K, used 24934K [0x0000000080000000, 0x0000000100000000)
  region size 1024K, 7 young (7168K), 7 survivors (7168K)
 Metaspace       used 40571K, capacity 41438K, committed 41600K, reserved 1085440K
  class space    used 5183K, capacity 5501K, committed 5504K, reserved 1048576K
}
Event: 5.410 GC heap before
{Heap before GC invocations=9 (full 0):
 garbage-first heap   total 129024K, used 83302K [0x0000000080000000, 0x0000000100000000)
  region size 1024K, 64 young (65536K), 7 survivors (7168K)
 Metaspace       used 44275K, capacity 45274K, committed 45568K, reserved 1089536K
  class space    used 5681K, capacity 6060K, committed 6144K, reserved 1048576K
}
Event: 5.418 GC heap after
{Heap after GC invocations=10 (full 0):
 garbage-first heap   total 129024K, used 27984K [0x0000000080000000, 0x0000000100000000)
  region size 1024K, 7 young (7168K), 7 survivors (7168K)
 Metaspace       used 44275K, capacity 45274K, committed 45568K, reserved 1089536K
  class space    used 5681K, capacity 6060K, committed 6144K, reserved 1048576K
}
Event: 6.105 GC heap before
{Heap before GC invocations=10 (full 0):
 garbage-first heap   total 129024K, used 92496K [0x0000000080000000, 0x0000000100000000)
  region size 1024K, 65 young (66560K), 7 survivors (7168K)
 Metaspace       used 49334K, capacity 50444K, committed 50560K, reserved 1093632K
  class space    used 6281K, capacity 6678K, committed 6784K, reserved 1048576K
}
Event: 6.114 GC heap after
{Heap after GC invocations=11 (full 0):
 garbage-first heap   total 129024K, used 41984K [0x0000000080000000, 0x0000000100000000)
  region size 1024K, 9 young (9216K), 9 survivors (9216K)
 Metaspace       used 49334K, capacity 50444K, committed 50560K, reserved 1093632K
  class space    used 6281K, capacity 6678K, committed 6784K, reserved 1048576K
}
Event: 6.913 GC heap before
{Heap before GC invocations=11 (full 0):
 garbage-first heap   total 129024K, used 92160K [0x0000000080000000, 0x0000000100000000)
  region size 1024K, 59 young (60416K), 9 survivors (9216K)
 Metaspace       used 56147K, capacity 57468K, committed 57600K, reserved 1099776K
  class space    used 7143K, capacity 7650K, committed 7680K, reserved 1048576K
}
Event: 6.923 GC heap after
{Heap after GC invocations=12 (full 0):
 garbage-first heap   total 155648K, used 46256K [0x0000000080000000, 0x0000000100000000)
  region size 1024K, 4 young (4096K), 4 survivors (4096K)
 Metaspace       used 56147K, capacity 57468K, committed 57600K, reserved 1099776K
  class space    used 7143K, capacity 7650K, committed 7680K, reserved 1048576K
}
Event: 7.353 GC heap before
{Heap before GC invocations=12 (full 0):
 garbage-first heap   total 155648K, used 71856K [0x0000000080000000, 0x0000000100000000)
  region size 1024K, 29 young (29696K), 4 survivors (4096K)
 Metaspace       used 58745K, capacity 60124K, committed 60160K, reserved 1101824K
  class space    used 7439K, capacity 7926K, committed 7936K, reserved 1048576K
}
Event: 7.362 GC heap after
{Heap after GC invocations=13 (full 0):
 garbage-first heap   total 155648K, used 48313K [0x0000000080000000, 0x0000000100000000)
  region size 1024K, 6 young (6144K), 6 survivors (6144K)
 Metaspace       used 58745K, capacity 60124K, committed 60160K, reserved 1101824K
  class space    used 7439K, capacity 7926K, committed 7936K, reserved 1048576K
}
Event: 8.427 GC heap before
{Heap before GC invocations=14 (full 0):
 garbage-first heap   total 155648K, used 104633K [0x0000000080000000, 0x0000000100000000)
  region size 1024K, 61 young (62464K), 6 survivors (6144K)
 Metaspace       used 62631K, capacity 64068K, committed 64204K, reserved 1105920K
  class space    used 7924K, capacity 8448K, committed 8448K, reserved 1048576K
}
Event: 8.437 GC heap after
{Heap after GC invocations=15 (full 0):
 garbage-first heap   total 155648K, used 52206K [0x0000000080000000, 0x0000000100000000)
  region size 1024K, 7 young (7168K), 7 survivors (7168K)
 Metaspace       used 62631K, capacity 64068K, committed 64204K, reserved 1105920K
  class space    used 7924K, capacity 8448K, committed 8448K, reserved 1048576K
}
Event: 10.052 GC heap before
{Heap before GC invocations=15 (full 0):
 garbage-first heap   total 155648K, used 81902K [0x0000000080000000, 0x0000000100000000)
  region size 1024K, 37 young (37888K), 7 survivors (7168K)
 Metaspace       used 66283K, capacity 67689K, committed 67916K, reserved 1107968K
  class space    used 8565K, capacity 9077K, committed 9088K, reserved 1048576K
}
Event: 10.059 GC heap after
{Heap after GC invocations=16 (full 0):
 garbage-first heap   total 155648K, used 53837K [0x0000000080000000, 0x0000000100000000)
  region size 1024K, 2 young (2048K), 2 survivors (2048K)
 Metaspace       used 66283K, capacity 67689K, committed 67916K, reserved 1107968K
  class space    used 8565K, capacity 9077K, committed 9088K, reserved 1048576K
}

